<?xml version="1.0" encoding="UTF-8"?>
<testng-results skipped="0" failed="0" total="1" passed="1">
  <reporter-output>
  </reporter-output>
  <suite name="Default suite" duration-ms="24492" started-at="2019-07-22T07:21:52Z" finished-at="2019-07-22T07:22:17Z">
    <groups>
    </groups>
    <test name="Default test" duration-ms="24492" started-at="2019-07-22T07:21:52Z" finished-at="2019-07-22T07:22:17Z">
      <class name="testng.ExportTest1">
        <test-method status="PASS" signature="startReport()[pri:0, instance:testng.ExportTest1@5e025e70]" name="startReport" is-config="true" duration-ms="281" started-at="2019-07-22T12:51:52Z" finished-at="2019-07-22T12:51:53Z">
          <reporter-output>
          </reporter-output>
        </test-method> <!-- startReport -->
        <test-method status="PASS" signature="login()[pri:0, instance:testng.ExportTest1@5e025e70]" name="login" duration-ms="23039" started-at="2019-07-22T12:51:53Z" finished-at="2019-07-22T12:52:16Z">
          <reporter-output>
          </reporter-output>
        </test-method> <!-- login -->
        <test-method status="PASS" signature="getResult(org.testng.ITestResult)[pri:0, instance:testng.ExportTest1@5e025e70]" name="getResult" is-config="true" duration-ms="32" started-at="2019-07-22T12:52:16Z" finished-at="2019-07-22T12:52:16Z">
          <params>
            <param index="0">
              <value>
                <![CDATA[[TestResult name=login status=SUCCESS method=ExportTest1.login()[pri:0, instance:testng.ExportTest1@5e025e70] output={null}]]]>
              </value>
            </param>
          </params>
          <reporter-output>
          </reporter-output>
        </test-method> <!-- getResult -->
        <test-method status="PASS" signature="afterTest()[pri:0, instance:testng.ExportTest1@5e025e70]" name="afterTest" is-config="true" duration-ms="1109" started-at="2019-07-22T12:52:16Z" finished-at="2019-07-22T12:52:17Z">
          <reporter-output>
          </reporter-output>
        </test-method> <!-- afterTest -->
      </class> <!-- testng.ExportTest1 -->
    </test> <!-- Default test -->
  </suite> <!-- Default suite -->
</testng-results>
