<?xml version="1.0" encoding="UTF-8"?>
<!-- Generated by org.testng.reporters.JUnitXMLReporter -->
<testsuite hostname="DDC2-D-9TJG882" name="Test" tests="4" failures="0" timestamp="22 Jul 2019 03:51:12 GMT" time="0.062" errors="0">
  <testcase name="method4" time="0.024" classname="testng6.TestCase002"/>
  <testcase name="method5" time="0.002" classname="testng6.TestCase002"/>
  <testcase name="method6" time="0.001" classname="testng6.TestCase002"/>
  <testcase name="method1" time="0.001" classname="testng6.TestCase001"/>
</testsuite> <!-- Test -->
